[22-Aug-2016 03:44:44 UTC] PHP Fatal error:  Maximum execution time of 300 seconds exceeded in /home/ubuntu/workspace/gitlab/研三/地圖產生/map.php on line 7
[22-Aug-2016 03:44:44 UTC] PHP Stack trace:
[22-Aug-2016 03:44:44 UTC] PHP   1. {main}() /home/ubuntu/workspace/gitlab/研三/地圖產生/map.php:0
[22-Aug-2016 03:44:53 UTC] PHP Fatal error:  Maximum execution time of 300 seconds exceeded in /home/ubuntu/workspace/gitlab/研三/地圖產生/map.php on line 8
[22-Aug-2016 03:44:54 UTC] PHP Stack trace:
[22-Aug-2016 03:44:54 UTC] PHP   1. {main}() /home/ubuntu/workspace/gitlab/研三/地圖產生/map.php:0
[22-Aug-2016 03:46:44 UTC] PHP Fatal error:  Maximum execution time of 300 seconds exceeded in /home/ubuntu/workspace/gitlab/研三/地圖產生/map.php on line 7
[22-Aug-2016 03:46:44 UTC] PHP Stack trace:
[22-Aug-2016 03:46:44 UTC] PHP   1. {main}() /home/ubuntu/workspace/gitlab/研三/地圖產生/map.php:0
[22-Aug-2016 07:45:35 UTC] PHP Fatal error:  Maximum execution time of 300 seconds exceeded in /home/ubuntu/workspace/gitlab/研三/地圖產生/map_game.php on line 10
[22-Aug-2016 07:45:35 UTC] PHP Stack trace:
[22-Aug-2016 07:45:35 UTC] PHP   1. {main}() /home/ubuntu/workspace/gitlab/研三/地圖產生/map_game.php:0
[22-Aug-2016 07:45:36 UTC] PHP Fatal error:  Maximum execution time of 300 seconds exceeded in /home/ubuntu/workspace/gitlab/研三/地圖產生/map_game.php on line 9
[22-Aug-2016 07:45:36 UTC] PHP Stack trace:
[22-Aug-2016 07:45:36 UTC] PHP   1. {main}() /home/ubuntu/workspace/gitlab/研三/地圖產生/map_game.php:0
[22-Aug-2016 07:45:43 UTC] PHP Fatal error:  Maximum execution time of 300 seconds exceeded in /home/ubuntu/workspace/gitlab/研三/地圖產生/map_game.php on line 9
[22-Aug-2016 07:45:43 UTC] PHP Stack trace:
[22-Aug-2016 07:45:43 UTC] PHP   1. {main}() /home/ubuntu/workspace/gitlab/研三/地圖產生/map_game.php:0
[22-Aug-2016 08:50:24 UTC] PHP Parse error:  syntax error, unexpected 'for' (T_FOR) in /home/ubuntu/workspace/gitlab/研三/地圖產生/map_game.php on line 104
[22-Aug-2016 08:50:26 UTC] PHP Parse error:  syntax error, unexpected 'for' (T_FOR) in /home/ubuntu/workspace/gitlab/研三/地圖產生/map_game.php on line 104
[22-Aug-2016 08:52:59 UTC] PHP Fatal error:  Maximum execution time of 300 seconds exceeded in /home/ubuntu/workspace/gitlab/研三/地圖產生/map_v5.php on line 9
[22-Aug-2016 08:52:59 UTC] PHP Stack trace:
[22-Aug-2016 08:52:59 UTC] PHP   1. {main}() /home/ubuntu/workspace/gitlab/研三/地圖產生/map_v5.php:0
[22-Aug-2016 08:56:29 UTC] PHP Fatal error:  Maximum execution time of 300 seconds exceeded in /home/ubuntu/workspace/gitlab/研三/地圖產生/map_game.php on line 10
[22-Aug-2016 08:56:29 UTC] PHP Stack trace:
[22-Aug-2016 08:56:29 UTC] PHP   1. {main}() /home/ubuntu/workspace/gitlab/研三/地圖產生/map_game.php:0
[22-Aug-2016 08:56:29 UTC] PHP   2. rand() /home/ubuntu/workspace/gitlab/研三/地圖產生/map_game.php:10
[22-Aug-2016 08:57:12 UTC] PHP Fatal error:  Maximum execution time of 300 seconds exceeded in /home/ubuntu/workspace/gitlab/研三/地圖產生/map_v5.php on line 9
[22-Aug-2016 08:57:12 UTC] PHP Stack trace:
[22-Aug-2016 08:57:12 UTC] PHP   1. {main}() /home/ubuntu/workspace/gitlab/研三/地圖產生/map_v5.php:0
