[26-Aug-2016 03:03:07 UTC] PHP Warning:  require_once(createBoon.php): failed to open stream: No such file or directory in /home/ubuntu/workspace/gitlab/研三/踩地雷/踩地雷遊戲/map_game_view.php on line 2
[26-Aug-2016 03:03:07 UTC] PHP Stack trace:
[26-Aug-2016 03:03:07 UTC] PHP   1. {main}() /home/ubuntu/workspace/gitlab/研三/踩地雷/踩地雷遊戲/map_game_view.php:0
[26-Aug-2016 03:03:07 UTC] PHP Fatal error:  require_once(): Failed opening required 'createBoon.php' (include_path='.:/usr/share/php:/usr/share/pear') in /home/ubuntu/workspace/gitlab/研三/踩地雷/踩地雷遊戲/map_game_view.php on line 2
[26-Aug-2016 03:03:07 UTC] PHP Stack trace:
[26-Aug-2016 03:03:07 UTC] PHP   1. {main}() /home/ubuntu/workspace/gitlab/研三/踩地雷/踩地雷遊戲/map_game_view.php:0
[26-Aug-2016 06:59:54 UTC] PHP Fatal error:  Cannot use [] for reading in /home/ubuntu/workspace/gitlab/研三/踩地雷/踩地雷遊戲/map_game.php on line 6
[26-Aug-2016 08:44:40 UTC] PHP Warning:  json_decode() expects parameter 1 to be string, array given in /home/ubuntu/workspace/gitlab/研三/踩地雷/踩地雷遊戲/map_game.php on line 17
[26-Aug-2016 08:44:40 UTC] PHP Stack trace:
[26-Aug-2016 08:44:40 UTC] PHP   1. {main}() /home/ubuntu/workspace/gitlab/研三/踩地雷/踩地雷遊戲/map_game.php:0
[26-Aug-2016 08:44:40 UTC] PHP   2. json_decode() /home/ubuntu/workspace/gitlab/研三/踩地雷/踩地雷遊戲/map_game.php:17
[26-Aug-2016 08:44:41 UTC] PHP Warning:  json_decode() expects parameter 1 to be string, array given in /home/ubuntu/workspace/gitlab/研三/踩地雷/踩地雷遊戲/map_game.php on line 17
[26-Aug-2016 08:44:41 UTC] PHP Stack trace:
[26-Aug-2016 08:44:41 UTC] PHP   1. {main}() /home/ubuntu/workspace/gitlab/研三/踩地雷/踩地雷遊戲/map_game.php:0
[26-Aug-2016 08:44:41 UTC] PHP   2. json_decode() /home/ubuntu/workspace/gitlab/研三/踩地雷/踩地雷遊戲/map_game.php:17
[26-Aug-2016 08:44:42 UTC] PHP Warning:  json_decode() expects parameter 1 to be string, array given in /home/ubuntu/workspace/gitlab/研三/踩地雷/踩地雷遊戲/map_game.php on line 17
[26-Aug-2016 08:44:42 UTC] PHP Stack trace:
[26-Aug-2016 08:44:42 UTC] PHP   1. {main}() /home/ubuntu/workspace/gitlab/研三/踩地雷/踩地雷遊戲/map_game.php:0
[26-Aug-2016 08:44:42 UTC] PHP   2. json_decode() /home/ubuntu/workspace/gitlab/研三/踩地雷/踩地雷遊戲/map_game.php:17
[26-Aug-2016 08:44:42 UTC] PHP Warning:  json_decode() expects parameter 1 to be string, array given in /home/ubuntu/workspace/gitlab/研三/踩地雷/踩地雷遊戲/map_game.php on line 17
[26-Aug-2016 08:44:42 UTC] PHP Stack trace:
[26-Aug-2016 08:44:42 UTC] PHP   1. {main}() /home/ubuntu/workspace/gitlab/研三/踩地雷/踩地雷遊戲/map_game.php:0
[26-Aug-2016 08:44:42 UTC] PHP   2. json_decode() /home/ubuntu/workspace/gitlab/研三/踩地雷/踩地雷遊戲/map_game.php:17
[26-Aug-2016 08:44:45 UTC] PHP Warning:  json_decode() expects parameter 1 to be string, array given in /home/ubuntu/workspace/gitlab/研三/踩地雷/踩地雷遊戲/map_game.php on line 17
[26-Aug-2016 08:44:45 UTC] PHP Stack trace:
[26-Aug-2016 08:44:45 UTC] PHP   1. {main}() /home/ubuntu/workspace/gitlab/研三/踩地雷/踩地雷遊戲/map_game.php:0
[26-Aug-2016 08:44:45 UTC] PHP   2. json_decode() /home/ubuntu/workspace/gitlab/研三/踩地雷/踩地雷遊戲/map_game.php:17
[26-Aug-2016 08:44:45 UTC] PHP Warning:  json_decode() expects parameter 1 to be string, array given in /home/ubuntu/workspace/gitlab/研三/踩地雷/踩地雷遊戲/map_game.php on line 17
[26-Aug-2016 08:44:45 UTC] PHP Stack trace:
[26-Aug-2016 08:44:45 UTC] PHP   1. {main}() /home/ubuntu/workspace/gitlab/研三/踩地雷/踩地雷遊戲/map_game.php:0
[26-Aug-2016 08:44:45 UTC] PHP   2. json_decode() /home/ubuntu/workspace/gitlab/研三/踩地雷/踩地雷遊戲/map_game.php:17
[26-Aug-2016 08:44:45 UTC] PHP Warning:  json_decode() expects parameter 1 to be string, array given in /home/ubuntu/workspace/gitlab/研三/踩地雷/踩地雷遊戲/map_game.php on line 17
[26-Aug-2016 08:44:45 UTC] PHP Stack trace:
[26-Aug-2016 08:44:45 UTC] PHP   1. {main}() /home/ubuntu/workspace/gitlab/研三/踩地雷/踩地雷遊戲/map_game.php:0
[26-Aug-2016 08:44:45 UTC] PHP   2. json_decode() /home/ubuntu/workspace/gitlab/研三/踩地雷/踩地雷遊戲/map_game.php:17
[26-Aug-2016 08:44:46 UTC] PHP Warning:  json_decode() expects parameter 1 to be string, array given in /home/ubuntu/workspace/gitlab/研三/踩地雷/踩地雷遊戲/map_game.php on line 17
[26-Aug-2016 08:44:46 UTC] PHP Stack trace:
[26-Aug-2016 08:44:46 UTC] PHP   1. {main}() /home/ubuntu/workspace/gitlab/研三/踩地雷/踩地雷遊戲/map_game.php:0
[26-Aug-2016 08:44:46 UTC] PHP   2. json_decode() /home/ubuntu/workspace/gitlab/研三/踩地雷/踩地雷遊戲/map_game.php:17
[26-Aug-2016 08:44:46 UTC] PHP Warning:  json_decode() expects parameter 1 to be string, array given in /home/ubuntu/workspace/gitlab/研三/踩地雷/踩地雷遊戲/map_game.php on line 17
[26-Aug-2016 08:44:46 UTC] PHP Stack trace:
[26-Aug-2016 08:44:46 UTC] PHP   1. {main}() /home/ubuntu/workspace/gitlab/研三/踩地雷/踩地雷遊戲/map_game.php:0
[26-Aug-2016 08:44:46 UTC] PHP   2. json_decode() /home/ubuntu/workspace/gitlab/研三/踩地雷/踩地雷遊戲/map_game.php:17
[26-Aug-2016 08:44:47 UTC] PHP Warning:  json_decode() expects parameter 1 to be string, array given in /home/ubuntu/workspace/gitlab/研三/踩地雷/踩地雷遊戲/map_game.php on line 17
[26-Aug-2016 08:44:47 UTC] PHP Stack trace:
[26-Aug-2016 08:44:47 UTC] PHP   1. {main}() /home/ubuntu/workspace/gitlab/研三/踩地雷/踩地雷遊戲/map_game.php:0
[26-Aug-2016 08:44:47 UTC] PHP   2. json_decode() /home/ubuntu/workspace/gitlab/研三/踩地雷/踩地雷遊戲/map_game.php:17
[26-Aug-2016 08:44:47 UTC] PHP Warning:  json_decode() expects parameter 1 to be string, array given in /home/ubuntu/workspace/gitlab/研三/踩地雷/踩地雷遊戲/map_game.php on line 17
[26-Aug-2016 08:44:47 UTC] PHP Stack trace:
[26-Aug-2016 08:44:47 UTC] PHP   1. {main}() /home/ubuntu/workspace/gitlab/研三/踩地雷/踩地雷遊戲/map_game.php:0
[26-Aug-2016 08:44:47 UTC] PHP   2. json_decode() /home/ubuntu/workspace/gitlab/研三/踩地雷/踩地雷遊戲/map_game.php:17
[26-Aug-2016 08:44:49 UTC] PHP Warning:  json_decode() expects parameter 1 to be string, array given in /home/ubuntu/workspace/gitlab/研三/踩地雷/踩地雷遊戲/map_game.php on line 17
[26-Aug-2016 08:44:49 UTC] PHP Stack trace:
[26-Aug-2016 08:44:49 UTC] PHP   1. {main}() /home/ubuntu/workspace/gitlab/研三/踩地雷/踩地雷遊戲/map_game.php:0
[26-Aug-2016 08:44:49 UTC] PHP   2. json_decode() /home/ubuntu/workspace/gitlab/研三/踩地雷/踩地雷遊戲/map_game.php:17
[26-Aug-2016 08:44:49 UTC] PHP Warning:  json_decode() expects parameter 1 to be string, array given in /home/ubuntu/workspace/gitlab/研三/踩地雷/踩地雷遊戲/map_game.php on line 17
[26-Aug-2016 08:44:49 UTC] PHP Stack trace:
[26-Aug-2016 08:44:49 UTC] PHP   1. {main}() /home/ubuntu/workspace/gitlab/研三/踩地雷/踩地雷遊戲/map_game.php:0
[26-Aug-2016 08:44:49 UTC] PHP   2. json_decode() /home/ubuntu/workspace/gitlab/研三/踩地雷/踩地雷遊戲/map_game.php:17
[26-Aug-2016 08:44:49 UTC] PHP Warning:  json_decode() expects parameter 1 to be string, array given in /home/ubuntu/workspace/gitlab/研三/踩地雷/踩地雷遊戲/map_game.php on line 17
[26-Aug-2016 08:44:49 UTC] PHP Stack trace:
[26-Aug-2016 08:44:49 UTC] PHP   1. {main}() /home/ubuntu/workspace/gitlab/研三/踩地雷/踩地雷遊戲/map_game.php:0
[26-Aug-2016 08:44:49 UTC] PHP   2. json_decode() /home/ubuntu/workspace/gitlab/研三/踩地雷/踩地雷遊戲/map_game.php:17
[26-Aug-2016 08:44:49 UTC] PHP Warning:  json_decode() expects parameter 1 to be string, array given in /home/ubuntu/workspace/gitlab/研三/踩地雷/踩地雷遊戲/map_game.php on line 17
[26-Aug-2016 08:44:49 UTC] PHP Stack trace:
[26-Aug-2016 08:44:49 UTC] PHP   1. {main}() /home/ubuntu/workspace/gitlab/研三/踩地雷/踩地雷遊戲/map_game.php:0
[26-Aug-2016 08:44:49 UTC] PHP   2. json_decode() /home/ubuntu/workspace/gitlab/研三/踩地雷/踩地雷遊戲/map_game.php:17
[26-Aug-2016 08:44:49 UTC] PHP Warning:  json_decode() expects parameter 1 to be string, array given in /home/ubuntu/workspace/gitlab/研三/踩地雷/踩地雷遊戲/map_game.php on line 17
[26-Aug-2016 08:44:49 UTC] PHP Stack trace:
[26-Aug-2016 08:44:49 UTC] PHP   1. {main}() /home/ubuntu/workspace/gitlab/研三/踩地雷/踩地雷遊戲/map_game.php:0
[26-Aug-2016 08:44:49 UTC] PHP   2. json_decode() /home/ubuntu/workspace/gitlab/研三/踩地雷/踩地雷遊戲/map_game.php:17
[26-Aug-2016 08:44:50 UTC] PHP Warning:  json_decode() expects parameter 1 to be string, array given in /home/ubuntu/workspace/gitlab/研三/踩地雷/踩地雷遊戲/map_game.php on line 17
[26-Aug-2016 08:44:50 UTC] PHP Stack trace:
[26-Aug-2016 08:44:50 UTC] PHP   1. {main}() /home/ubuntu/workspace/gitlab/研三/踩地雷/踩地雷遊戲/map_game.php:0
[26-Aug-2016 08:44:50 UTC] PHP   2. json_decode() /home/ubuntu/workspace/gitlab/研三/踩地雷/踩地雷遊戲/map_game.php:17
[26-Aug-2016 08:44:50 UTC] PHP Warning:  json_decode() expects parameter 1 to be string, array given in /home/ubuntu/workspace/gitlab/研三/踩地雷/踩地雷遊戲/map_game.php on line 17
[26-Aug-2016 08:44:50 UTC] PHP Stack trace:
[26-Aug-2016 08:44:50 UTC] PHP   1. {main}() /home/ubuntu/workspace/gitlab/研三/踩地雷/踩地雷遊戲/map_game.php:0
[26-Aug-2016 08:44:50 UTC] PHP   2. json_decode() /home/ubuntu/workspace/gitlab/研三/踩地雷/踩地雷遊戲/map_game.php:17
[26-Aug-2016 08:44:50 UTC] PHP Warning:  json_decode() expects parameter 1 to be string, array given in /home/ubuntu/workspace/gitlab/研三/踩地雷/踩地雷遊戲/map_game.php on line 17
[26-Aug-2016 08:44:50 UTC] PHP Stack trace:
[26-Aug-2016 08:44:50 UTC] PHP   1. {main}() /home/ubuntu/workspace/gitlab/研三/踩地雷/踩地雷遊戲/map_game.php:0
[26-Aug-2016 08:44:50 UTC] PHP   2. json_decode() /home/ubuntu/workspace/gitlab/研三/踩地雷/踩地雷遊戲/map_game.php:17
[26-Aug-2016 08:44:51 UTC] PHP Warning:  json_decode() expects parameter 1 to be string, array given in /home/ubuntu/workspace/gitlab/研三/踩地雷/踩地雷遊戲/map_game.php on line 17
[26-Aug-2016 08:44:51 UTC] PHP Stack trace:
[26-Aug-2016 08:44:51 UTC] PHP   1. {main}() /home/ubuntu/workspace/gitlab/研三/踩地雷/踩地雷遊戲/map_game.php:0
[26-Aug-2016 08:44:51 UTC] PHP   2. json_decode() /home/ubuntu/workspace/gitlab/研三/踩地雷/踩地雷遊戲/map_game.php:17
[26-Aug-2016 08:44:51 UTC] PHP Warning:  json_decode() expects parameter 1 to be string, array given in /home/ubuntu/workspace/gitlab/研三/踩地雷/踩地雷遊戲/map_game.php on line 17
[26-Aug-2016 08:44:51 UTC] PHP Stack trace:
[26-Aug-2016 08:44:51 UTC] PHP   1. {main}() /home/ubuntu/workspace/gitlab/研三/踩地雷/踩地雷遊戲/map_game.php:0
[26-Aug-2016 08:44:51 UTC] PHP   2. json_decode() /home/ubuntu/workspace/gitlab/研三/踩地雷/踩地雷遊戲/map_game.php:17
[26-Aug-2016 08:44:57 UTC] PHP Warning:  json_decode() expects parameter 1 to be string, array given in /home/ubuntu/workspace/gitlab/研三/踩地雷/踩地雷遊戲/map_game.php on line 17
[26-Aug-2016 08:44:57 UTC] PHP Stack trace:
[26-Aug-2016 08:44:57 UTC] PHP   1. {main}() /home/ubuntu/workspace/gitlab/研三/踩地雷/踩地雷遊戲/map_game.php:0
[26-Aug-2016 08:44:57 UTC] PHP   2. json_decode() /home/ubuntu/workspace/gitlab/研三/踩地雷/踩地雷遊戲/map_game.php:17
[26-Aug-2016 08:44:58 UTC] PHP Warning:  json_decode() expects parameter 1 to be string, array given in /home/ubuntu/workspace/gitlab/研三/踩地雷/踩地雷遊戲/map_game.php on line 17
[26-Aug-2016 08:44:58 UTC] PHP Stack trace:
[26-Aug-2016 08:44:58 UTC] PHP   1. {main}() /home/ubuntu/workspace/gitlab/研三/踩地雷/踩地雷遊戲/map_game.php:0
[26-Aug-2016 08:44:58 UTC] PHP   2. json_decode() /home/ubuntu/workspace/gitlab/研三/踩地雷/踩地雷遊戲/map_game.php:17
[26-Aug-2016 08:44:58 UTC] PHP Warning:  json_decode() expects parameter 1 to be string, array given in /home/ubuntu/workspace/gitlab/研三/踩地雷/踩地雷遊戲/map_game.php on line 17
[26-Aug-2016 08:44:58 UTC] PHP Stack trace:
[26-Aug-2016 08:44:58 UTC] PHP   1. {main}() /home/ubuntu/workspace/gitlab/研三/踩地雷/踩地雷遊戲/map_game.php:0
[26-Aug-2016 08:44:58 UTC] PHP   2. json_decode() /home/ubuntu/workspace/gitlab/研三/踩地雷/踩地雷遊戲/map_game.php:17
[26-Aug-2016 08:44:58 UTC] PHP Warning:  json_decode() expects parameter 1 to be string, array given in /home/ubuntu/workspace/gitlab/研三/踩地雷/踩地雷遊戲/map_game.php on line 17
[26-Aug-2016 08:44:58 UTC] PHP Stack trace:
[26-Aug-2016 08:44:58 UTC] PHP   1. {main}() /home/ubuntu/workspace/gitlab/研三/踩地雷/踩地雷遊戲/map_game.php:0
[26-Aug-2016 08:44:58 UTC] PHP   2. json_decode() /home/ubuntu/workspace/gitlab/研三/踩地雷/踩地雷遊戲/map_game.php:17
[26-Aug-2016 08:44:58 UTC] PHP Warning:  json_decode() expects parameter 1 to be string, array given in /home/ubuntu/workspace/gitlab/研三/踩地雷/踩地雷遊戲/map_game.php on line 17
[26-Aug-2016 08:44:58 UTC] PHP Stack trace:
[26-Aug-2016 08:44:58 UTC] PHP   1. {main}() /home/ubuntu/workspace/gitlab/研三/踩地雷/踩地雷遊戲/map_game.php:0
[26-Aug-2016 08:44:58 UTC] PHP   2. json_decode() /home/ubuntu/workspace/gitlab/研三/踩地雷/踩地雷遊戲/map_game.php:17
[26-Aug-2016 08:44:59 UTC] PHP Warning:  json_decode() expects parameter 1 to be string, array given in /home/ubuntu/workspace/gitlab/研三/踩地雷/踩地雷遊戲/map_game.php on line 17
[26-Aug-2016 08:44:59 UTC] PHP Stack trace:
[26-Aug-2016 08:44:59 UTC] PHP   1. {main}() /home/ubuntu/workspace/gitlab/研三/踩地雷/踩地雷遊戲/map_game.php:0
[26-Aug-2016 08:44:59 UTC] PHP   2. json_decode() /home/ubuntu/workspace/gitlab/研三/踩地雷/踩地雷遊戲/map_game.php:17
[26-Aug-2016 09:26:33 UTC] PHP Warning:  json_decode() expects parameter 1 to be string, array given in /home/ubuntu/workspace/gitlab/研三/踩地雷/踩地雷遊戲/map_game.php on line 21
[26-Aug-2016 09:26:33 UTC] PHP Stack trace:
[26-Aug-2016 09:26:33 UTC] PHP   1. {main}() /home/ubuntu/workspace/gitlab/研三/踩地雷/踩地雷遊戲/map_game.php:0
[26-Aug-2016 09:26:33 UTC] PHP   2. json_decode() /home/ubuntu/workspace/gitlab/研三/踩地雷/踩地雷遊戲/map_game.php:21
